<?xml version="1.0" encoding="UTF-8"?>
<!-- Generated by org.testng.reporters.JUnitReportReporter -->
<testsuite hostname="parinder-TP550LAB" name="Test_Case_Login.login_TestCase_Valid_Day1" tests="1" failures="0" timestamp="22 Dec 2018 01:10:46 GMT" time="1.188" errors="0">
  <testcase name="login" time="1.188" classname="Test_Case_Login.login_TestCase_Valid_Day1"/>
</testsuite> <!-- Test_Case_Login.login_TestCase_Valid_Day1 -->
