<?xml version="1.0" encoding="UTF-8"?>
<!-- Generated by org.testng.reporters.JUnitReportReporter -->
<testsuite hostname="parinder-TP550LAB" name="Test_Case_New_Account.customer_id" tests="6" failures="0" timestamp="5 Dec 2018 08:34:26 GMT" time="7.377" errors="0">
  <testcase name="custIDCharactersOnly" time="0.803" classname="Test_Case_New_Account.customer_id"/>
  <testcase name="custIDSpaceBetween" time="0.827" classname="Test_Case_New_Account.customer_id"/>
  <testcase name="custIDValid" time="0.608" classname="Test_Case_New_Account.customer_id"/>
  <testcase name="custIDfirstSpace" time="2.029" classname="Test_Case_New_Account.customer_id"/>
  <testcase name="custIDblank" time="2.007" classname="Test_Case_New_Account.customer_id"/>
  <testcase name="custIDspecialChar" time="1.103" classname="Test_Case_New_Account.customer_id"/>
</testsuite> <!-- Test_Case_New_Account.customer_id -->
