<?xml version="1.0" encoding="UTF-8"?>
<!-- Generated by org.testng.reporters.JUnitReportReporter -->
<testsuite hostname="parinder-TP550LAB" name="Test_Case_New_Account.Intial_deposit" tests="6" failures="0" timestamp="5 Dec 2018 08:41:05 GMT" time="15.591" errors="0">
  <testcase name="IntialdepCharactersOnly" time="0.888" classname="Test_Case_New_Account.Intial_deposit"/>
  <testcase name="IntialdepValid" time="1.016" classname="Test_Case_New_Account.Intial_deposit"/>
  <testcase name="IntialdepSpaceBetween" time="0.843" classname="Test_Case_New_Account.Intial_deposit"/>
  <testcase name="IntialdepspecialChar" time="2.226" classname="Test_Case_New_Account.Intial_deposit"/>
  <testcase name="IntialdepfirstSpace" time="8.670" classname="Test_Case_New_Account.Intial_deposit"/>
  <testcase name="Intialdepblank" time="1.948" classname="Test_Case_New_Account.Intial_deposit"/>
</testsuite> <!-- Test_Case_New_Account.Intial_deposit -->
