<?xml version="1.0" encoding="UTF-8"?>
<!-- Generated by org.testng.reporters.JUnitReportReporter -->
<testsuite hostname="parinder-TP550LAB" name="Test_Cases_Automation.login_TestCase_Valid_Automation_Day3" tests="4" failures="0" timestamp="6 Dec 2018 08:30:55 GMT" time="2.474" errors="0">
  <testcase name="loginValidUInvalidP" time="0.575" classname="Test_Cases_Automation.login_TestCase_Valid_Automation_Day3"/>
  <testcase name="loginInValidUvalidP" time="0.362" classname="Test_Cases_Automation.login_TestCase_Valid_Automation_Day3"/>
  <testcase name="loginInValidUP" time="0.532" classname="Test_Cases_Automation.login_TestCase_Valid_Automation_Day3"/>
  <testcase name="loginValidUP" time="1.005" classname="Test_Cases_Automation.login_TestCase_Valid_Automation_Day3"/>
</testsuite> <!-- Test_Cases_Automation.login_TestCase_Valid_Automation_Day3 -->
