<?xml version="1.0" encoding="UTF-8"?>
<!-- Generated by org.testng.reporters.JUnitReportReporter -->
<testsuite hostname="parinder-TP550LAB" name="Test_Cases_New_Customer.NewCustomer_TestCase_Customer_City" tests="2" failures="0" timestamp="22 Dec 2018 01:04:57 GMT" time="14.188" errors="0">
  <testcase name="nameFieldValid" time="14.082" classname="Test_Cases_New_Customer.NewCustomer_TestCase_Customer_City"/>
  <testcase name="nameFieldInValid" time="0.106" classname="Test_Cases_New_Customer.NewCustomer_TestCase_Customer_City"/>
</testsuite> <!-- Test_Cases_New_Customer.NewCustomer_TestCase_Customer_City -->
