<?xml version="1.0" encoding="UTF-8"?>
<!-- Generated by org.testng.reporters.JUnitReportReporter -->
<testsuite skipped="0" hostname="parinder-TP550LAB" name="Test_Cases_New_Customer.NewCustomer_TestCase_Customer_State" tests="2" failures="0" timestamp="04 Dec 2018 07:01:10 GMT" time="2.137" errors="0">
  <testcase name="nameFieldValid" time="1.979" classname="Test_Cases_New_Customer.NewCustomer_TestCase_Customer_State"/>
  <testcase name="nameFieldInValid" time="0.158" classname="Test_Cases_New_Customer.NewCustomer_TestCase_Customer_State"/>
</testsuite> <!-- Test_Cases_New_Customer.NewCustomer_TestCase_Customer_State -->
