<?xml version="1.0" encoding="UTF-8"?>
<!-- Generated by org.testng.reporters.JUnitReportReporter -->
<testsuite hostname="parinder-TP550LAB" name="Test_Cases_Login.login_TestCase_Valid_Automation" tests="1" failures="0" timestamp="5 Dec 2018 05:30:35 GMT" time="0.962" errors="0">
  <testcase name="login" time="0.962" classname="Test_Cases_Login.login_TestCase_Valid_Automation"/>
</testsuite> <!-- Test_Cases_Login.login_TestCase_Valid_Automation -->
